[16-Apr-2020 04:03:44 UTC] PHP Deprecated:  Methods with the same name as their class will not be constructors in a future version of PHP; FGContactForm has a deprecated constructor in C:\wamp64\www\evergreenwebdesign\_includes\fgcontactform.php on line 30
[16-Apr-2020 04:03:44 UTC] PHP Parse error:  syntax error, unexpected '}', expecting end of file in C:\wamp64\www\evergreenwebdesign\_includes\services.php on line 339
[16-Apr-2020 04:07:15 UTC] PHP Deprecated:  Methods with the same name as their class will not be constructors in a future version of PHP; FGContactForm has a deprecated constructor in C:\wamp64\www\evergreenwebdesign\_includes\fgcontactform.php on line 30
[16-Apr-2020 12:50:55 UTC] PHP Deprecated:  Methods with the same name as their class will not be constructors in a future version of PHP; FGContactForm has a deprecated constructor in C:\wamp64\www\evergreenwebdesign\_includes\fgcontactform.php on line 30
[16-Apr-2020 12:50:55 UTC] PHP Fatal error:  'break' not in the 'loop' or 'switch' context in C:\wamp64\www\evergreenwebdesign\_includes\services.php on line 337
[16-Apr-2020 12:51:10 UTC] PHP Deprecated:  Methods with the same name as their class will not be constructors in a future version of PHP; FGContactForm has a deprecated constructor in C:\wamp64\www\evergreenwebdesign\_includes\fgcontactform.php on line 30
[16-Apr-2020 12:51:10 UTC] PHP Fatal error:  'break' not in the 'loop' or 'switch' context in C:\wamp64\www\evergreenwebdesign\_includes\services.php on line 337
[16-Apr-2020 12:59:13 UTC] PHP Fatal error:  'break' not in the 'loop' or 'switch' context in C:\wamp64\www\evergreenwebdesign\_includes\services.php on line 337
[16-Apr-2020 13:03:45 UTC] PHP Notice:  Undefined index: g-recaptcha-response in C:\wamp64\www\evergreenwebdesign\_includes\services.php on line 110
[16-Apr-2020 13:04:56 UTC] PHP Notice:  Undefined index: g-recaptcha-response in C:\wamp64\www\evergreenwebdesign\_includes\services.php on line 110
[16-Apr-2020 13:28:58 UTC] PHP Parse error:  syntax error, unexpected '}', expecting end of file in C:\wamp64\www\evergreenwebdesign\_includes\services.php on line 344
[16-Apr-2020 13:29:40 UTC] PHP Notice:  Undefined index: g-recaptcha-response in C:\wamp64\www\evergreenwebdesign\_includes\services.php on line 110
[16-Apr-2020 13:29:40 UTC] PHP Fatal error:  Cannot redeclare ewd_copyright() (previously declared in C:\wamp64\www\evergreenwebdesign\_includes\footer.php:3) in C:\wamp64\www\evergreenwebdesign\_includes\footer.php on line 11
[16-Apr-2020 13:30:19 UTC] PHP Notice:  Undefined index: g-recaptcha-response in C:\wamp64\www\evergreenwebdesign\_includes\services.php on line 110
[16-Apr-2020 13:30:19 UTC] PHP Fatal error:  Cannot redeclare ewd_copyright() (previously declared in C:\wamp64\www\evergreenwebdesign\_includes\footer.php:3) in C:\wamp64\www\evergreenwebdesign\_includes\footer.php on line 11
[16-Apr-2020 13:32:03 UTC] PHP Notice:  Undefined index: g-recaptcha-response in C:\wamp64\www\evergreenwebdesign\_includes\services.php on line 110
[16-Apr-2020 14:20:10 UTC] PHP Notice:  Undefined index: g-recaptcha-response in C:\wamp64\www\evergreenwebdesign\_includes\services.php on line 110
[16-Apr-2020 14:20:52 UTC] PHP Deprecated:  Methods with the same name as their class will not be constructors in a future version of PHP; FGContactForm has a deprecated constructor in C:\wamp64\www\evergreenwebdesign\_includes\fgcontactform.php on line 30
[16-Apr-2020 14:20:52 UTC] PHP Notice:  Undefined index: g-recaptcha-response in C:\wamp64\www\evergreenwebdesign\_includes\services.php on line 110
[16-Apr-2020 14:21:15 UTC] PHP Notice:  Undefined index: g-recaptcha-response in C:\wamp64\www\evergreenwebdesign\_includes\services.php on line 110
[16-Apr-2020 14:35:18 UTC] PHP Notice:  Undefined index: g-recaptcha-response in C:\wamp64\www\evergreenwebdesign\_includes\services.php on line 110
[16-Apr-2020 14:35:29 UTC] PHP Notice:  Undefined index: g-recaptcha-response in C:\wamp64\www\evergreenwebdesign\_includes\services.php on line 110
[16-Apr-2020 14:35:47 UTC] PHP Deprecated:  Methods with the same name as their class will not be constructors in a future version of PHP; FGContactForm has a deprecated constructor in C:\wamp64\www\evergreenwebdesign\_includes\fgcontactform.php on line 30
[16-Apr-2020 14:35:47 UTC] PHP Notice:  Undefined index: g-recaptcha-response in C:\wamp64\www\evergreenwebdesign\_includes\services.php on line 110
[16-Apr-2020 14:52:48 UTC] PHP Fatal error:  Uncaught Error: Call to a member function AddAddress() on null in C:\wamp64\www\evergreenwebdesign\_includes\fgcontactform.php:82
Stack trace:
#0 C:\wamp64\www\evergreenwebdesign\_includes\popup-contactform.php(13): FGContactForm->AddRecipient('robert@evergree...')
#1 C:\wamp64\www\evergreenwebdesign\index.php(10): require_once('C:\\wamp64\\www\\e...')
#2 {main}
  thrown in C:\wamp64\www\evergreenwebdesign\_includes\fgcontactform.php on line 82
[16-Apr-2020 14:52:59 UTC] PHP Deprecated:  Methods with the same name as their class will not be constructors in a future version of PHP; FGContactForm has a deprecated constructor in C:\wamp64\www\evergreenwebdesign\_includes\fgcontactform.php on line 30
[16-Apr-2020 14:52:59 UTC] PHP Notice:  Undefined index: g-recaptcha-response in C:\wamp64\www\evergreenwebdesign\_includes\services.php on line 110
[16-Apr-2020 14:53:14 UTC] PHP Fatal error:  Uncaught Error: Call to a member function AddAddress() on null in C:\wamp64\www\evergreenwebdesign\_includes\fgcontactform.php:82
Stack trace:
#0 C:\wamp64\www\evergreenwebdesign\_includes\popup-contactform.php(13): FGContactForm->AddRecipient('robert@evergree...')
#1 C:\wamp64\www\evergreenwebdesign\index.php(10): require_once('C:\\wamp64\\www\\e...')
#2 {main}
  thrown in C:\wamp64\www\evergreenwebdesign\_includes\fgcontactform.php on line 82
[16-Apr-2020 14:53:59 UTC] PHP Fatal error:  Uncaught Error: Class 'foo' not found in C:\wamp64\www\evergreenwebdesign\_includes\popup-contactform.php:9
Stack trace:
#0 C:\wamp64\www\evergreenwebdesign\index.php(10): require_once()
#1 {main}
  thrown in C:\wamp64\www\evergreenwebdesign\_includes\popup-contactform.php on line 9
[16-Apr-2020 14:54:26 UTC] PHP Notice:  Undefined index: g-recaptcha-response in C:\wamp64\www\evergreenwebdesign\_includes\services.php on line 110
[16-Apr-2020 15:04:11 UTC] PHP Notice:  Undefined index: g-recaptcha-response in C:\wamp64\www\evergreenwebdesign\_includes\services.php on line 110
[16-Apr-2020 15:05:09 UTC] PHP Notice:  Undefined index: g-recaptcha-response in C:\wamp64\www\evergreenwebdesign\_includes\services.php on line 110
[16-Apr-2020 15:05:27 UTC] PHP Notice:  Undefined index: g-recaptcha-response in C:\wamp64\www\evergreenwebdesign\_includes\services.php on line 110
[16-Apr-2020 15:05:49 UTC] PHP Notice:  Undefined index: g-recaptcha-response in C:\wamp64\www\evergreenwebdesign\_includes\services.php on line 110
[16-Apr-2020 15:07:11 UTC] PHP Notice:  Undefined index: g-recaptcha-response in C:\wamp64\www\evergreenwebdesign\_includes\services.php on line 110
